INFO:     Will watch for changes in these directories: ['/Users/yunshu/Documents/1208learn']
INFO:     Uvicorn running on http://0.0.0.0:8011 (Press CTRL+C to quit)
INFO:     Started reloader process [49534] using WatchFiles
2026-01-27 16:28:44,389 [INFO] apscheduler.scheduler - Adding job tentatively -- it will be properly scheduled when the scheduler starts
2026-01-27 16:28:44,390 [INFO] apscheduler.scheduler - Adding job tentatively -- it will be properly scheduled when the scheduler starts
2026-01-27 16:28:44,390 [INFO] backend.app.main - CORS config (env): CORS_ALLOW_ORIGINS=http://localhost:5176,http://127.0.0.1:5176,http://20.17.39.240:8024
2026-01-27 16:28:44,390 [INFO] backend.app.main - CORS config (env): CORS_ALLOW_CREDENTIALS=true
2026-01-27 16:28:44,390 [INFO] backend.app.main - CORS config (effective): allow_origins=['http://localhost:5176', 'http://127.0.0.1:5176', 'http://20.17.39.240:8024'] allow_origin_regex=None allow_credentials=True
INFO:     Started server process [49560]
INFO:     Waiting for application startup.
2026-01-27 16:28:44,412 [INFO] backend.app.jobs.scheduler - Starting scheduler with ETL cron 0 1 * * * and FAQ cron 0 3 * * * (Asia/Shanghai)
2026-01-27 16:28:44,413 [INFO] apscheduler.scheduler - Added job "SchedulerManager._run_daily_etl" to job store "default"
2026-01-27 16:28:44,413 [INFO] apscheduler.scheduler - Added job "SchedulerManager._run_daily_faq_extraction" to job store "default"
2026-01-27 16:28:44,413 [INFO] apscheduler.scheduler - Scheduler started
INFO:     Application startup complete.
2026-01-27 16:28:46,779 [ERROR] backend.app.api.v1_6.auth_routes - Login failed for user gongjiao_auditor
Traceback (most recent call last):
  File "/Users/yunshu/Documents/1208learn/backend/.venv/lib/python3.9/site-packages/sqlalchemy/engine/base.py", line 146, in __init__
    self._dbapi_connection = engine.raw_connection()
  File "/Users/yunshu/Documents/1208learn/backend/.venv/lib/python3.9/site-packages/sqlalchemy/engine/base.py", line 3304, in raw_connection
    return self.pool.connect()
  File "/Users/yunshu/Documents/1208learn/backend/.venv/lib/python3.9/site-packages/sqlalchemy/pool/base.py", line 449, in connect
    return _ConnectionFairy._checkout(self)
  File "/Users/yunshu/Documents/1208learn/backend/.venv/lib/python3.9/site-packages/sqlalchemy/pool/base.py", line 1263, in _checkout
    fairy = _ConnectionRecord.checkout(pool)
  File "/Users/yunshu/Documents/1208learn/backend/.venv/lib/python3.9/site-packages/sqlalchemy/pool/base.py", line 712, in checkout
    rec = pool._do_get()
  File "/Users/yunshu/Documents/1208learn/backend/.venv/lib/python3.9/site-packages/sqlalchemy/pool/impl.py", line 180, in _do_get
    self._dec_overflow()
  File "/Users/yunshu/Documents/1208learn/backend/.venv/lib/python3.9/site-packages/sqlalchemy/util/langhelpers.py", line 146, in __exit__
    raise exc_value.with_traceback(exc_tb)
  File "/Users/yunshu/Documents/1208learn/backend/.venv/lib/python3.9/site-packages/sqlalchemy/pool/impl.py", line 177, in _do_get
    return self._create_connection()
  File "/Users/yunshu/Documents/1208learn/backend/.venv/lib/python3.9/site-packages/sqlalchemy/pool/base.py", line 390, in _create_connection
    return _ConnectionRecord(self)
  File "/Users/yunshu/Documents/1208learn/backend/.venv/lib/python3.9/site-packages/sqlalchemy/pool/base.py", line 674, in __init__
    self.__connect()
  File "/Users/yunshu/Documents/1208learn/backend/.venv/lib/python3.9/site-packages/sqlalchemy/pool/base.py", line 901, in __connect
    pool.logger.debug("Error on connect(): %s", e)
  File "/Users/yunshu/Documents/1208learn/backend/.venv/lib/python3.9/site-packages/sqlalchemy/util/langhelpers.py", line 146, in __exit__
    raise exc_value.with_traceback(exc_tb)
  File "/Users/yunshu/Documents/1208learn/backend/.venv/lib/python3.9/site-packages/sqlalchemy/pool/base.py", line 896, in __connect
    self.dbapi_connection = connection = pool._invoke_creator(self)
  File "/Users/yunshu/Documents/1208learn/backend/.venv/lib/python3.9/site-packages/sqlalchemy/engine/create.py", line 643, in connect
    return dialect.connect(*cargs, **cparams)
  File "/Users/yunshu/Documents/1208learn/backend/.venv/lib/python3.9/site-packages/sqlalchemy/engine/default.py", line 617, in connect
    return self.loaded_dbapi.connect(*cargs, **cparams)
  File "/Users/yunshu/Documents/1208learn/backend/.venv/lib/python3.9/site-packages/pymysql/connections.py", line 358, in __init__
    self.connect()
  File "/Users/yunshu/Documents/1208learn/backend/.venv/lib/python3.9/site-packages/pymysql/connections.py", line 664, in connect
    self._request_authentication()
  File "/Users/yunshu/Documents/1208learn/backend/.venv/lib/python3.9/site-packages/pymysql/connections.py", line 954, in _request_authentication
    auth_packet = self._read_packet()
  File "/Users/yunshu/Documents/1208learn/backend/.venv/lib/python3.9/site-packages/pymysql/connections.py", line 772, in _read_packet
    packet.raise_for_error()
  File "/Users/yunshu/Documents/1208learn/backend/.venv/lib/python3.9/site-packages/pymysql/protocol.py", line 221, in raise_for_error
    err.raise_mysql_exception(self._data)
  File "/Users/yunshu/Documents/1208learn/backend/.venv/lib/python3.9/site-packages/pymysql/err.py", line 143, in raise_mysql_exception
    raise errorclass(errno, errval)
pymysql.err.OperationalError: (1045, "Access denied for user 'zxx'@'20.17.39.82' (using password: YES)")

The above exception was the direct cause of the following exception:

Traceback (most recent call last):
  File "/Users/yunshu/Documents/1208learn/backend/app/api/v1_6/auth_routes.py", line 18, in login
    access_token, user, scenario = auth_service.login(body.username, body.password)
  File "/Users/yunshu/Documents/1208learn/backend/app/services/auth.py", line 51, in login
    user = self.authenticate_user(username, password)
  File "/Users/yunshu/Documents/1208learn/backend/app/services/auth.py", line 26, in authenticate_user
    user: Optional[User] = session.execute(stmt).scalar_one_or_none()
  File "/Users/yunshu/Documents/1208learn/backend/.venv/lib/python3.9/site-packages/sqlalchemy/orm/session.py", line 2306, in execute
    return self._execute_internal(
  File "/Users/yunshu/Documents/1208learn/backend/.venv/lib/python3.9/site-packages/sqlalchemy/orm/session.py", line 2181, in _execute_internal
    conn = self._connection_for_bind(bind)
  File "/Users/yunshu/Documents/1208learn/backend/.venv/lib/python3.9/site-packages/sqlalchemy/orm/session.py", line 2050, in _connection_for_bind
    return trans._connection_for_bind(engine, execution_options)
  File "<string>", line 2, in _connection_for_bind
  File "/Users/yunshu/Documents/1208learn/backend/.venv/lib/python3.9/site-packages/sqlalchemy/orm/state_changes.py", line 139, in _go
    ret_value = fn(self, *arg, **kw)
  File "/Users/yunshu/Documents/1208learn/backend/.venv/lib/python3.9/site-packages/sqlalchemy/orm/session.py", line 1144, in _connection_for_bind
    conn = bind.connect()
  File "/Users/yunshu/Documents/1208learn/backend/.venv/lib/python3.9/site-packages/sqlalchemy/engine/base.py", line 3280, in connect
    return self._connection_cls(self)
  File "/Users/yunshu/Documents/1208learn/backend/.venv/lib/python3.9/site-packages/sqlalchemy/engine/base.py", line 148, in __init__
    Connection._handle_dbapi_exception_noconnection(
  File "/Users/yunshu/Documents/1208learn/backend/.venv/lib/python3.9/site-packages/sqlalchemy/engine/base.py", line 2444, in _handle_dbapi_exception_noconnection
    raise sqlalchemy_exception.with_traceback(exc_info[2]) from e
  File "/Users/yunshu/Documents/1208learn/backend/.venv/lib/python3.9/site-packages/sqlalchemy/engine/base.py", line 146, in __init__
    self._dbapi_connection = engine.raw_connection()
  File "/Users/yunshu/Documents/1208learn/backend/.venv/lib/python3.9/site-packages/sqlalchemy/engine/base.py", line 3304, in raw_connection
    return self.pool.connect()
  File "/Users/yunshu/Documents/1208learn/backend/.venv/lib/python3.9/site-packages/sqlalchemy/pool/base.py", line 449, in connect
    return _ConnectionFairy._checkout(self)
  File "/Users/yunshu/Documents/1208learn/backend/.venv/lib/python3.9/site-packages/sqlalchemy/pool/base.py", line 1263, in _checkout
    fairy = _ConnectionRecord.checkout(pool)
  File "/Users/yunshu/Documents/1208learn/backend/.venv/lib/python3.9/site-packages/sqlalchemy/pool/base.py", line 712, in checkout
    rec = pool._do_get()
  File "/Users/yunshu/Documents/1208learn/backend/.venv/lib/python3.9/site-packages/sqlalchemy/pool/impl.py", line 180, in _do_get
    self._dec_overflow()
  File "/Users/yunshu/Documents/1208learn/backend/.venv/lib/python3.9/site-packages/sqlalchemy/util/langhelpers.py", line 146, in __exit__
    raise exc_value.with_traceback(exc_tb)
  File "/Users/yunshu/Documents/1208learn/backend/.venv/lib/python3.9/site-packages/sqlalchemy/pool/impl.py", line 177, in _do_get
    return self._create_connection()
  File "/Users/yunshu/Documents/1208learn/backend/.venv/lib/python3.9/site-packages/sqlalchemy/pool/base.py", line 390, in _create_connection
    return _ConnectionRecord(self)
  File "/Users/yunshu/Documents/1208learn/backend/.venv/lib/python3.9/site-packages/sqlalchemy/pool/base.py", line 674, in __init__
    self.__connect()
  File "/Users/yunshu/Documents/1208learn/backend/.venv/lib/python3.9/site-packages/sqlalchemy/pool/base.py", line 901, in __connect
    pool.logger.debug("Error on connect(): %s", e)
  File "/Users/yunshu/Documents/1208learn/backend/.venv/lib/python3.9/site-packages/sqlalchemy/util/langhelpers.py", line 146, in __exit__
    raise exc_value.with_traceback(exc_tb)
  File "/Users/yunshu/Documents/1208learn/backend/.venv/lib/python3.9/site-packages/sqlalchemy/pool/base.py", line 896, in __connect
    self.dbapi_connection = connection = pool._invoke_creator(self)
  File "/Users/yunshu/Documents/1208learn/backend/.venv/lib/python3.9/site-packages/sqlalchemy/engine/create.py", line 643, in connect
    return dialect.connect(*cargs, **cparams)
  File "/Users/yunshu/Documents/1208learn/backend/.venv/lib/python3.9/site-packages/sqlalchemy/engine/default.py", line 617, in connect
    return self.loaded_dbapi.connect(*cargs, **cparams)
  File "/Users/yunshu/Documents/1208learn/backend/.venv/lib/python3.9/site-packages/pymysql/connections.py", line 358, in __init__
    self.connect()
  File "/Users/yunshu/Documents/1208learn/backend/.venv/lib/python3.9/site-packages/pymysql/connections.py", line 664, in connect
    self._request_authentication()
  File "/Users/yunshu/Documents/1208learn/backend/.venv/lib/python3.9/site-packages/pymysql/connections.py", line 954, in _request_authentication
    auth_packet = self._read_packet()
  File "/Users/yunshu/Documents/1208learn/backend/.venv/lib/python3.9/site-packages/pymysql/connections.py", line 772, in _read_packet
    packet.raise_for_error()
  File "/Users/yunshu/Documents/1208learn/backend/.venv/lib/python3.9/site-packages/pymysql/protocol.py", line 221, in raise_for_error
    err.raise_mysql_exception(self._data)
  File "/Users/yunshu/Documents/1208learn/backend/.venv/lib/python3.9/site-packages/pymysql/err.py", line 143, in raise_mysql_exception
    raise errorclass(errno, errval)
sqlalchemy.exc.OperationalError: (pymysql.err.OperationalError) (1045, "Access denied for user 'zxx'@'20.17.39.82' (using password: YES)")
(Background on this error at: https://sqlalche.me/e/20/e3q8)
INFO:     127.0.0.1:59293 - "POST /api/v1.6/auth/login HTTP/1.1" 500 Internal Server Error
